<?xml version="1.0" encoding="UTF-8"?>
<!-- Generated by org.testng.reporters.JUnitXMLReporter -->
<testsuite ignored="0" hostname="LAPTOP-19EN3AKP" failures="0" tests="14" name="Surefire test" time="85.635" errors="0" timestamp="2023-10-24T03:50:19 IST">
  <testcase classname="com.opencart.testcases.LoginTest" name="verifyLoginWithValidCredentials" time="1.382"/>
  <testcase classname="com.opencart.testcases.LoginTest" name="verifyLoginWithValidCredentials" time="1.078"/>
  <testcase classname="com.opencart.testcases.LoginTest" name="verifyLoginWithValidCredentials" time="0.951"/>
  <testcase classname="com.opencart.testcases.LoginTest" name="verifyLoginWithInValidCredentials" time="0.942"/>
  <testcase classname="com.opencart.testcases.LoginTest" name="verifyLoginWithInValidEmail" time="0.98"/>
  <testcase classname="com.opencart.testcases.LoginTest" name="verifyLoginWithInValidPassword" time="0.887"/>
  <testcase classname="com.opencart.testcases.LoginTest" name="verifyLoginWithoutData" time="0.528"/>
  <testcase classname="com.opencart.testcases.RegisterTest" name="verifyRegistrationWithMandatoryFields" time="1.753"/>
  <testcase classname="com.opencart.testcases.RegisterTest" name="verifyRegistrationWithAllFields" time="1.834"/>
  <testcase classname="com.opencart.testcases.RegisterTest" name="verifyRegistrationWithExistingEmail" time="1.585"/>
  <testcase classname="com.opencart.testcases.RegisterTest" name="verifyRegistrationWithoutFillingAnyDetails" time="0.777"/>
  <testcase classname="com.opencart.testcases.SearchTest" name="verifySearchresultWithValidProduct" time="0.742"/>
  <testcase classname="com.opencart.testcases.SearchTest" name="verifySearchresultWithInValidProduct" time="0.577"/>
  <testcase classname="com.opencart.testcases.SearchTest" name="verifySearchresultWithoutData" time="1.318"/>
</testsuite> <!-- Surefire test -->
