<?xml version="1.0" encoding="UTF-8"?>
<!-- Generated by org.testng.reporters.JUnitXMLReporter -->
<testsuite ignored="3" hostname="LAPTOP-19EN3AKP" failures="0" tests="1" name="Default test" time="10.073" errors="0" timestamp="2023-10-24T18:28:41 IST">
  <testcase classname="com.opencart.testcases.RegisterTest" name="verifyRegistrationWithMandatoryFields" time="1.53"/>
  <testcase classname="com.opencart.testcases.RegisterTest" name="verifyRegistrationWithAllFields" time="0.0">
    <ignored/>
  </testcase> <!-- verifyRegistrationWithAllFields -->
  <testcase classname="com.opencart.testcases.RegisterTest" name="verifyRegistrationWithoutFillingAnyDetails" time="0.0">
    <ignored/>
  </testcase> <!-- verifyRegistrationWithoutFillingAnyDetails -->
  <testcase classname="com.opencart.testcases.RegisterTest" name="verifyRegistrationWithExistingEmail" time="0.0">
    <ignored/>
  </testcase> <!-- verifyRegistrationWithExistingEmail -->
</testsuite> <!-- Default test -->
