<?xml version="1.0" encoding="UTF-8"?>
<!-- Generated by org.testng.reporters.JUnitXMLReporter -->
<testsuite ignored="0" hostname="LAPTOP-19EN3AKP" failures="0" tests="14" name="Test" time="82.974" errors="0" timestamp="2023-10-24T03:38:46 IST">
  <testcase classname="com.opencart.testcases.LoginTest" name="verifyLoginWithValidCredentials" time="0.995"/>
  <testcase classname="com.opencart.testcases.LoginTest" name="verifyLoginWithValidCredentials" time="0.789"/>
  <testcase classname="com.opencart.testcases.LoginTest" name="verifyLoginWithValidCredentials" time="0.842"/>
  <testcase classname="com.opencart.testcases.LoginTest" name="verifyLoginWithInValidCredentials" time="0.769"/>
  <testcase classname="com.opencart.testcases.LoginTest" name="verifyLoginWithInValidEmail" time="0.819"/>
  <testcase classname="com.opencart.testcases.LoginTest" name="verifyLoginWithInValidPassword" time="0.771"/>
  <testcase classname="com.opencart.testcases.LoginTest" name="verifyLoginWithoutData" time="0.462"/>
  <testcase classname="com.opencart.testcases.RegisterTest" name="verifyRegistrationWithMandatoryFields" time="1.34"/>
  <testcase classname="com.opencart.testcases.RegisterTest" name="verifyRegistrationWithAllFields" time="1.473"/>
  <testcase classname="com.opencart.testcases.RegisterTest" name="verifyRegistrationWithExistingEmail" time="1.185"/>
  <testcase classname="com.opencart.testcases.RegisterTest" name="verifyRegistrationWithoutFillingAnyDetails" time="0.721"/>
  <testcase classname="com.opencart.testcases.SearchTest" name="verifySearchresultWithValidProduct" time="0.523"/>
  <testcase classname="com.opencart.testcases.SearchTest" name="verifySearchresultWithInValidProduct" time="0.523"/>
  <testcase classname="com.opencart.testcases.SearchTest" name="verifySearchresultWithoutData" time="0.515"/>
</testsuite> <!-- Test -->
