<?xml version="1.0" encoding="UTF-8"?>
<!-- Generated by org.testng.reporters.JUnitXMLReporter -->
<testsuite ignored="0" hostname="LAPTOP-19EN3AKP" failures="0" tests="14" name="Test" time="54.249" errors="0" timestamp="2023-10-24T05:38:33 IST">
  <testcase classname="com.opencart.testcases.LoginTest" name="@BeforeMethod beforeLogin" time="15.726">
    <failure type="org.openqa.selenium.ElementNotInteractableException" message="element not interactable
  (Session info: chrome=118.0.5993.89)
Build info: version: &amp;apos;4.14.0&amp;apos;, revision: &amp;apos;e5a96349ce&amp;apos;
System info: os.name: &amp;apos;Windows 11&amp;apos;, os.arch: &amp;apos;amd64&amp;apos;, os.version: &amp;apos;10.0&amp;apos;, java.version: &amp;apos;17.0.8&amp;apos;
Driver info: org.openqa.selenium.chrome.ChromeDriver
Command: [c87c1719ebfd7dd311a489b2b6aa0c9d, clickElement {id=4E78ADBC5A7FFA8B04BD376E9809D015_element_36}]
Capabilities {acceptInsecureCerts: false, browserName: chrome, browserVersion: 118.0.5993.89, chrome: {chromedriverVersion: 118.0.5993.70 (e52f33f30b91..., userDataDir: C:\WINDOWS\SystemTemp\scope...}, fedcm:accounts: true, goog:chromeOptions: {debuggerAddress: localhost:62064}, networkConnectionEnabled: false, pageLoadStrategy: normal, platformName: windows, proxy: Proxy(), se:cdp: ws://localhost:62064/devtoo..., se:cdpVersion: 118.0.5993.89, setWindowRect: true, strictFileInteractability: false, timeouts: {implicit: 0, pageLoad: 300000, script: 30000}, unhandledPromptBehavior: dismiss and notify, webauthn:extension:credBlob: true, webauthn:extension:largeBlob: true, webauthn:extension:minPinLength: true, webauthn:extension:prf: true, webauthn:virtualAuthenticators: true}
Element: [[ChromeDriver: chrome on windows (c87c1719ebfd7dd311a489b2b6aa0c9d)] -&amp;gt; xpath: //span[normalize-space()=&amp;apos;My Account&amp;apos;]]
Session ID: c87c1719ebfd7dd311a489b2b6aa0c9d">
      <![CDATA[org.openqa.selenium.ElementNotInteractableException: element not interactable
  (Session info: chrome=118.0.5993.89)
Build info: version: '4.14.0', revision: 'e5a96349ce'
System info: os.name: 'Windows 11', os.arch: 'amd64', os.version: '10.0', java.version: '17.0.8'
Driver info: org.openqa.selenium.chrome.ChromeDriver
Command: [c87c1719ebfd7dd311a489b2b6aa0c9d, clickElement {id=4E78ADBC5A7FFA8B04BD376E9809D015_element_36}]
Capabilities {acceptInsecureCerts: false, browserName: chrome, browserVersion: 118.0.5993.89, chrome: {chromedriverVersion: 118.0.5993.70 (e52f33f30b91..., userDataDir: C:\WINDOWS\SystemTemp\scope...}, fedcm:accounts: true, goog:chromeOptions: {debuggerAddress: localhost:62064}, networkConnectionEnabled: false, pageLoadStrategy: normal, platformName: windows, proxy: Proxy(), se:cdp: ws://localhost:62064/devtoo..., se:cdpVersion: 118.0.5993.89, setWindowRect: true, strictFileInteractability: false, timeouts: {implicit: 0, pageLoad: 300000, script: 30000}, unhandledPromptBehavior: dismiss and notify, webauthn:extension:credBlob: true, webauthn:extension:largeBlob: true, webauthn:extension:minPinLength: true, webauthn:extension:prf: true, webauthn:virtualAuthenticators: true}
Element: [[ChromeDriver: chrome on windows (c87c1719ebfd7dd311a489b2b6aa0c9d)] -> xpath: //span[normalize-space()='My Account']]
Session ID: c87c1719ebfd7dd311a489b2b6aa0c9d
at org.openqa.selenium.remote.codec.w3c.W3CHttpResponseCodec.createException(W3CHttpResponseCodec.java:200)
at org.openqa.selenium.remote.codec.w3c.W3CHttpResponseCodec.decode(W3CHttpResponseCodec.java:133)
at org.openqa.selenium.remote.codec.w3c.W3CHttpResponseCodec.decode(W3CHttpResponseCodec.java:52)
at org.openqa.selenium.remote.HttpCommandExecutor.execute(HttpCommandExecutor.java:191)
at org.openqa.selenium.remote.service.DriverCommandExecutor.invokeExecute(DriverCommandExecutor.java:196)
at org.openqa.selenium.remote.service.DriverCommandExecutor.execute(DriverCommandExecutor.java:171)
at org.openqa.selenium.remote.RemoteWebDriver.execute(RemoteWebDriver.java:602)
at org.openqa.selenium.remote.RemoteWebElement.execute(RemoteWebElement.java:224)
at org.openqa.selenium.remote.RemoteWebElement.click(RemoteWebElement.java:77)
at org.openqa.selenium.support.pagefactory.internal.LocatingElementHandler.invoke(LocatingElementHandler.java:51)
at jdk.proxy2/jdk.proxy2.$Proxy32.click(Unknown Source)
at com.opencart.pages.HomePage.clickOnMyAccount(HomePage.java:36)
at com.opencart.testcases.LoginTest.beforeLogin(LoginTest.java:37)
at java.base/java.util.ArrayList.forEach(ArrayList.java:1511)
... Removed 44 stack frames]]>
    </failure>
  </testcase> <!-- @BeforeMethod beforeLogin -->
  <testcase classname="com.opencart.testcases.LoginTest" name="@AfterMethod afterLogin" time="0.0">
    <skipped/>
  </testcase> <!-- @AfterMethod afterLogin -->
  <testcase classname="com.opencart.testcases.LoginTest" name="@BeforeMethod beforeLogin" time="0.0">
    <skipped/>
  </testcase> <!-- @BeforeMethod beforeLogin -->
  <testcase classname="com.opencart.testcases.LoginTest" name="@AfterMethod afterLogin" time="0.0">
    <skipped/>
  </testcase> <!-- @AfterMethod afterLogin -->
  <testcase classname="com.opencart.testcases.LoginTest" name="@BeforeMethod beforeLogin" time="0.0">
    <skipped/>
  </testcase> <!-- @BeforeMethod beforeLogin -->
  <testcase classname="com.opencart.testcases.LoginTest" name="@AfterMethod afterLogin" time="0.0">
    <skipped/>
  </testcase> <!-- @AfterMethod afterLogin -->
  <testcase classname="com.opencart.testcases.LoginTest" name="@BeforeMethod beforeLogin" time="0.0">
    <skipped/>
  </testcase> <!-- @BeforeMethod beforeLogin -->
  <testcase classname="com.opencart.testcases.LoginTest" name="@AfterMethod afterLogin" time="0.0">
    <skipped/>
  </testcase> <!-- @AfterMethod afterLogin -->
  <testcase classname="com.opencart.testcases.LoginTest" name="@BeforeMethod beforeLogin" time="0.0">
    <skipped/>
  </testcase> <!-- @BeforeMethod beforeLogin -->
  <testcase classname="com.opencart.testcases.LoginTest" name="@AfterMethod afterLogin" time="0.0">
    <skipped/>
  </testcase> <!-- @AfterMethod afterLogin -->
  <testcase classname="com.opencart.testcases.LoginTest" name="@BeforeMethod beforeLogin" time="0.0">
    <skipped/>
  </testcase> <!-- @BeforeMethod beforeLogin -->
  <testcase classname="com.opencart.testcases.LoginTest" name="@AfterMethod afterLogin" time="0.0">
    <skipped/>
  </testcase> <!-- @AfterMethod afterLogin -->
  <testcase classname="com.opencart.testcases.LoginTest" name="@BeforeMethod beforeLogin" time="0.0">
    <skipped/>
  </testcase> <!-- @BeforeMethod beforeLogin -->
  <testcase classname="com.opencart.testcases.LoginTest" name="@AfterMethod afterLogin" time="0.0">
    <skipped/>
  </testcase> <!-- @AfterMethod afterLogin -->
  <testcase classname="com.opencart.testcases.RegisterTest" name="@BeforeMethod beforeLogin" time="14.598">
    <failure type="org.openqa.selenium.ElementNotInteractableException" message="element not interactable
  (Session info: chrome=118.0.5993.89)
Build info: version: &amp;apos;4.14.0&amp;apos;, revision: &amp;apos;e5a96349ce&amp;apos;
System info: os.name: &amp;apos;Windows 11&amp;apos;, os.arch: &amp;apos;amd64&amp;apos;, os.version: &amp;apos;10.0&amp;apos;, java.version: &amp;apos;17.0.8&amp;apos;
Driver info: org.openqa.selenium.chrome.ChromeDriver
Command: [95f6df1bf7af2617f28155fdaeed7fcc, clickElement {id=A710BC4FE5939F9CC47BEA264E548305_element_36}]
Capabilities {acceptInsecureCerts: false, browserName: chrome, browserVersion: 118.0.5993.89, chrome: {chromedriverVersion: 118.0.5993.70 (e52f33f30b91..., userDataDir: C:\WINDOWS\SystemTemp\scope...}, fedcm:accounts: true, goog:chromeOptions: {debuggerAddress: localhost:62093}, networkConnectionEnabled: false, pageLoadStrategy: normal, platformName: windows, proxy: Proxy(), se:cdp: ws://localhost:62093/devtoo..., se:cdpVersion: 118.0.5993.89, setWindowRect: true, strictFileInteractability: false, timeouts: {implicit: 0, pageLoad: 300000, script: 30000}, unhandledPromptBehavior: dismiss and notify, webauthn:extension:credBlob: true, webauthn:extension:largeBlob: true, webauthn:extension:minPinLength: true, webauthn:extension:prf: true, webauthn:virtualAuthenticators: true}
Element: [[ChromeDriver: chrome on windows (95f6df1bf7af2617f28155fdaeed7fcc)] -&amp;gt; xpath: //span[normalize-space()=&amp;apos;My Account&amp;apos;]]
Session ID: 95f6df1bf7af2617f28155fdaeed7fcc">
      <![CDATA[org.openqa.selenium.ElementNotInteractableException: element not interactable
  (Session info: chrome=118.0.5993.89)
Build info: version: '4.14.0', revision: 'e5a96349ce'
System info: os.name: 'Windows 11', os.arch: 'amd64', os.version: '10.0', java.version: '17.0.8'
Driver info: org.openqa.selenium.chrome.ChromeDriver
Command: [95f6df1bf7af2617f28155fdaeed7fcc, clickElement {id=A710BC4FE5939F9CC47BEA264E548305_element_36}]
Capabilities {acceptInsecureCerts: false, browserName: chrome, browserVersion: 118.0.5993.89, chrome: {chromedriverVersion: 118.0.5993.70 (e52f33f30b91..., userDataDir: C:\WINDOWS\SystemTemp\scope...}, fedcm:accounts: true, goog:chromeOptions: {debuggerAddress: localhost:62093}, networkConnectionEnabled: false, pageLoadStrategy: normal, platformName: windows, proxy: Proxy(), se:cdp: ws://localhost:62093/devtoo..., se:cdpVersion: 118.0.5993.89, setWindowRect: true, strictFileInteractability: false, timeouts: {implicit: 0, pageLoad: 300000, script: 30000}, unhandledPromptBehavior: dismiss and notify, webauthn:extension:credBlob: true, webauthn:extension:largeBlob: true, webauthn:extension:minPinLength: true, webauthn:extension:prf: true, webauthn:virtualAuthenticators: true}
Element: [[ChromeDriver: chrome on windows (95f6df1bf7af2617f28155fdaeed7fcc)] -> xpath: //span[normalize-space()='My Account']]
Session ID: 95f6df1bf7af2617f28155fdaeed7fcc
at org.openqa.selenium.remote.codec.w3c.W3CHttpResponseCodec.createException(W3CHttpResponseCodec.java:200)
at org.openqa.selenium.remote.codec.w3c.W3CHttpResponseCodec.decode(W3CHttpResponseCodec.java:133)
at org.openqa.selenium.remote.codec.w3c.W3CHttpResponseCodec.decode(W3CHttpResponseCodec.java:52)
at org.openqa.selenium.remote.HttpCommandExecutor.execute(HttpCommandExecutor.java:191)
at org.openqa.selenium.remote.service.DriverCommandExecutor.invokeExecute(DriverCommandExecutor.java:196)
at org.openqa.selenium.remote.service.DriverCommandExecutor.execute(DriverCommandExecutor.java:171)
at org.openqa.selenium.remote.RemoteWebDriver.execute(RemoteWebDriver.java:602)
at org.openqa.selenium.remote.RemoteWebElement.execute(RemoteWebElement.java:224)
at org.openqa.selenium.remote.RemoteWebElement.click(RemoteWebElement.java:77)
at org.openqa.selenium.support.pagefactory.internal.LocatingElementHandler.invoke(LocatingElementHandler.java:51)
at jdk.proxy2/jdk.proxy2.$Proxy32.click(Unknown Source)
at com.opencart.pages.HomePage.clickOnMyAccount(HomePage.java:36)
at com.opencart.testcases.RegisterTest.beforeLogin(RegisterTest.java:36)
at java.base/java.util.ArrayList.forEach(ArrayList.java:1511)
... Removed 44 stack frames]]>
    </failure>
  </testcase> <!-- @BeforeMethod beforeLogin -->
  <testcase classname="com.opencart.testcases.RegisterTest" name="@AfterMethod teardown" time="0.0">
    <skipped/>
  </testcase> <!-- @AfterMethod teardown -->
  <testcase classname="com.opencart.testcases.RegisterTest" name="@BeforeMethod beforeLogin" time="0.0">
    <skipped/>
  </testcase> <!-- @BeforeMethod beforeLogin -->
  <testcase classname="com.opencart.testcases.RegisterTest" name="@AfterMethod teardown" time="0.0">
    <skipped/>
  </testcase> <!-- @AfterMethod teardown -->
  <testcase classname="com.opencart.testcases.RegisterTest" name="@BeforeMethod beforeLogin" time="0.0">
    <skipped/>
  </testcase> <!-- @BeforeMethod beforeLogin -->
  <testcase classname="com.opencart.testcases.RegisterTest" name="@AfterMethod teardown" time="0.0">
    <skipped/>
  </testcase> <!-- @AfterMethod teardown -->
  <testcase classname="com.opencart.testcases.RegisterTest" name="@BeforeMethod beforeLogin" time="0.0">
    <skipped/>
  </testcase> <!-- @BeforeMethod beforeLogin -->
  <testcase classname="com.opencart.testcases.RegisterTest" name="@AfterMethod teardown" time="0.0">
    <skipped/>
  </testcase> <!-- @AfterMethod teardown -->
  <testcase classname="com.opencart.testcases.LoginTest" name="verifyLoginWithValidCredentials" time="0.0">
    <skipped/>
  </testcase> <!-- verifyLoginWithValidCredentials -->
  <testcase classname="com.opencart.testcases.LoginTest" name="verifyLoginWithValidCredentials" time="0.0">
    <skipped/>
  </testcase> <!-- verifyLoginWithValidCredentials -->
  <testcase classname="com.opencart.testcases.LoginTest" name="verifyLoginWithValidCredentials" time="0.0">
    <skipped/>
  </testcase> <!-- verifyLoginWithValidCredentials -->
  <testcase classname="com.opencart.testcases.LoginTest" name="verifyLoginWithInValidCredentials" time="0.0">
    <skipped/>
  </testcase> <!-- verifyLoginWithInValidCredentials -->
  <testcase classname="com.opencart.testcases.LoginTest" name="verifyLoginWithInValidEmail" time="0.001">
    <skipped/>
  </testcase> <!-- verifyLoginWithInValidEmail -->
  <testcase classname="com.opencart.testcases.LoginTest" name="verifyLoginWithInValidPassword" time="0.0">
    <skipped/>
  </testcase> <!-- verifyLoginWithInValidPassword -->
  <testcase classname="com.opencart.testcases.LoginTest" name="verifyLoginWithoutData" time="0.0">
    <skipped/>
  </testcase> <!-- verifyLoginWithoutData -->
  <testcase classname="com.opencart.testcases.RegisterTest" name="verifyRegistrationWithMandatoryFields" time="0.0">
    <skipped/>
  </testcase> <!-- verifyRegistrationWithMandatoryFields -->
  <testcase classname="com.opencart.testcases.RegisterTest" name="verifyRegistrationWithAllFields" time="0.0">
    <skipped/>
  </testcase> <!-- verifyRegistrationWithAllFields -->
  <testcase classname="com.opencart.testcases.RegisterTest" name="verifyRegistrationWithExistingEmail" time="0.0">
    <skipped/>
  </testcase> <!-- verifyRegistrationWithExistingEmail -->
  <testcase classname="com.opencart.testcases.RegisterTest" name="verifyRegistrationWithoutFillingAnyDetails" time="0.0">
    <skipped/>
  </testcase> <!-- verifyRegistrationWithoutFillingAnyDetails -->
  <testcase classname="com.opencart.testcases.SearchTest" name="verifySearchresultWithValidProduct" time="0.758"/>
  <testcase classname="com.opencart.testcases.SearchTest" name="verifySearchresultWithInValidProduct" time="0.488"/>
  <testcase classname="com.opencart.testcases.SearchTest" name="verifySearchresultWithoutData" time="0.339"/>
</testsuite> <!-- Test -->
