<?xml version="1.0" encoding="UTF-8"?>
<testng-results ignored="0" total="14" passed="14" failed="0" skipped="0">
  <reporter-output>
  </reporter-output>
  <suite started-at="2023-10-24T17:19:24 IST" name="Suite" finished-at="2023-10-24T17:20:43 IST" duration-ms="79635">
    <groups>
    </groups>
    <test started-at="2023-10-24T17:19:24 IST" name="Test" finished-at="2023-10-24T17:20:43 IST" duration-ms="79635">
      <class name="com.opencart.testcases.SearchTest">
        <test-method is-config="true" signature="setup()[pri:0, instance:com.opencart.testcases.SearchTest@2d7275fc]" started-at="2023-10-24T17:20:30 IST" name="setup" finished-at="2023-10-24T17:20:34 IST" duration-ms="3985" status="PASS">
          <reporter-output>
          </reporter-output>
        </test-method> <!-- setup -->
        <test-method signature="verifySearchresultWithValidProduct()[pri:1, instance:com.opencart.testcases.SearchTest@2d7275fc]" started-at="2023-10-24T17:20:34 IST" name="verifySearchresultWithValidProduct" finished-at="2023-10-24T17:20:35 IST" duration-ms="450" status="PASS">
          <reporter-output>
          </reporter-output>
        </test-method> <!-- verifySearchresultWithValidProduct -->
        <test-method is-config="true" signature="teardown()[pri:0, instance:com.opencart.testcases.SearchTest@2d7275fc]" started-at="2023-10-24T17:20:35 IST" name="teardown" finished-at="2023-10-24T17:20:35 IST" duration-ms="243" status="PASS">
          <reporter-output>
          </reporter-output>
        </test-method> <!-- teardown -->
        <test-method is-config="true" signature="setup()[pri:0, instance:com.opencart.testcases.SearchTest@2d7275fc]" started-at="2023-10-24T17:20:35 IST" name="setup" finished-at="2023-10-24T17:20:38 IST" duration-ms="3019" status="PASS">
          <reporter-output>
          </reporter-output>
        </test-method> <!-- setup -->
        <test-method signature="verifySearchresultWithInValidProduct()[pri:2, instance:com.opencart.testcases.SearchTest@2d7275fc]" started-at="2023-10-24T17:20:38 IST" name="verifySearchresultWithInValidProduct" finished-at="2023-10-24T17:20:39 IST" duration-ms="603" status="PASS">
          <reporter-output>
          </reporter-output>
        </test-method> <!-- verifySearchresultWithInValidProduct -->
        <test-method is-config="true" signature="teardown()[pri:0, instance:com.opencart.testcases.SearchTest@2d7275fc]" started-at="2023-10-24T17:20:39 IST" name="teardown" finished-at="2023-10-24T17:20:39 IST" duration-ms="249" status="PASS">
          <reporter-output>
          </reporter-output>
        </test-method> <!-- teardown -->
        <test-method is-config="true" signature="setup()[pri:0, instance:com.opencart.testcases.SearchTest@2d7275fc]" started-at="2023-10-24T17:20:39 IST" name="setup" finished-at="2023-10-24T17:20:43 IST" duration-ms="4029" status="PASS">
          <reporter-output>
          </reporter-output>
        </test-method> <!-- setup -->
        <test-method signature="verifySearchresultWithoutData()[pri:3, instance:com.opencart.testcases.SearchTest@2d7275fc]" started-at="2023-10-24T17:20:43 IST" name="verifySearchresultWithoutData" finished-at="2023-10-24T17:20:43 IST" depends-on-methods="com.opencart.testcases.SearchTest.verifySearchresultWithInValidProduct" duration-ms="314" status="PASS">
          <reporter-output>
          </reporter-output>
        </test-method> <!-- verifySearchresultWithoutData -->
        <test-method is-config="true" signature="teardown()[pri:0, instance:com.opencart.testcases.SearchTest@2d7275fc]" started-at="2023-10-24T17:20:43 IST" name="teardown" finished-at="2023-10-24T17:20:43 IST" duration-ms="254" status="PASS">
          <reporter-output>
          </reporter-output>
        </test-method> <!-- teardown -->
      </class> <!-- com.opencart.testcases.SearchTest -->
      <class name="com.opencart.testcases.LoginTest">
        <test-method is-config="true" signature="beforeLogin()[pri:0, instance:com.opencart.testcases.LoginTest@3ce1e309]" started-at="2023-10-24T17:19:26 IST" name="beforeLogin" finished-at="2023-10-24T17:19:34 IST" duration-ms="8320" status="PASS">
          <reporter-output>
          </reporter-output>
        </test-method> <!-- beforeLogin -->
        <test-method signature="verifyLoginWithValidCredentials(java.lang.String,java.lang.String)[pri:1, instance:com.opencart.testcases.LoginTest@3ce1e309]" started-at="2023-10-24T17:19:34 IST" name="verifyLoginWithValidCredentials" data-provider="logindata" finished-at="2023-10-24T17:19:35 IST" duration-ms="998" status="PASS">
          <params>
            <param index="0">
              <value>
                <![CDATA[phani21@gmail.com]]>
              </value>
            </param>
            <param index="1">
              <value>
                <![CDATA[admin]]>
              </value>
            </param>
          </params>
          <reporter-output>
          </reporter-output>
        </test-method> <!-- verifyLoginWithValidCredentials -->
        <test-method is-config="true" signature="afterLogin()[pri:0, instance:com.opencart.testcases.LoginTest@3ce1e309]" started-at="2023-10-24T17:19:35 IST" name="afterLogin" finished-at="2023-10-24T17:19:35 IST" duration-ms="325" status="PASS">
          <reporter-output>
          </reporter-output>
        </test-method> <!-- afterLogin -->
        <test-method is-config="true" signature="beforeLogin()[pri:0, instance:com.opencart.testcases.LoginTest@3ce1e309]" started-at="2023-10-24T17:19:35 IST" name="beforeLogin" finished-at="2023-10-24T17:19:39 IST" duration-ms="3857" status="PASS">
          <reporter-output>
          </reporter-output>
        </test-method> <!-- beforeLogin -->
        <test-method signature="verifyLoginWithValidCredentials(java.lang.String,java.lang.String)[pri:1, instance:com.opencart.testcases.LoginTest@3ce1e309]" started-at="2023-10-24T17:19:39 IST" name="verifyLoginWithValidCredentials" data-provider="logindata" finished-at="2023-10-24T17:19:40 IST" duration-ms="851" status="PASS">
          <params>
            <param index="0">
              <value>
                <![CDATA[phani22@gmail.com]]>
              </value>
            </param>
            <param index="1">
              <value>
                <![CDATA[admin]]>
              </value>
            </param>
          </params>
          <reporter-output>
          </reporter-output>
        </test-method> <!-- verifyLoginWithValidCredentials -->
        <test-method is-config="true" signature="afterLogin()[pri:0, instance:com.opencart.testcases.LoginTest@3ce1e309]" started-at="2023-10-24T17:19:40 IST" name="afterLogin" finished-at="2023-10-24T17:19:40 IST" duration-ms="254" status="PASS">
          <reporter-output>
          </reporter-output>
        </test-method> <!-- afterLogin -->
        <test-method is-config="true" signature="beforeLogin()[pri:0, instance:com.opencart.testcases.LoginTest@3ce1e309]" started-at="2023-10-24T17:19:40 IST" name="beforeLogin" finished-at="2023-10-24T17:19:45 IST" duration-ms="4337" status="PASS">
          <reporter-output>
          </reporter-output>
        </test-method> <!-- beforeLogin -->
        <test-method signature="verifyLoginWithValidCredentials(java.lang.String,java.lang.String)[pri:1, instance:com.opencart.testcases.LoginTest@3ce1e309]" started-at="2023-10-24T17:19:45 IST" name="verifyLoginWithValidCredentials" data-provider="logindata" finished-at="2023-10-24T17:19:45 IST" duration-ms="737" status="PASS">
          <params>
            <param index="0">
              <value>
                <![CDATA[phani23@gmail.com]]>
              </value>
            </param>
            <param index="1">
              <value>
                <![CDATA[admin]]>
              </value>
            </param>
          </params>
          <reporter-output>
          </reporter-output>
        </test-method> <!-- verifyLoginWithValidCredentials -->
        <test-method is-config="true" signature="afterLogin()[pri:0, instance:com.opencart.testcases.LoginTest@3ce1e309]" started-at="2023-10-24T17:19:45 IST" name="afterLogin" finished-at="2023-10-24T17:19:46 IST" duration-ms="311" status="PASS">
          <reporter-output>
          </reporter-output>
        </test-method> <!-- afterLogin -->
        <test-method is-config="true" signature="beforeLogin()[pri:0, instance:com.opencart.testcases.LoginTest@3ce1e309]" started-at="2023-10-24T17:19:46 IST" name="beforeLogin" finished-at="2023-10-24T17:19:49 IST" duration-ms="3815" status="PASS">
          <reporter-output>
          </reporter-output>
        </test-method> <!-- beforeLogin -->
        <test-method signature="verifyLoginWithInValidCredentials()[pri:2, instance:com.opencart.testcases.LoginTest@3ce1e309]" started-at="2023-10-24T17:19:49 IST" name="verifyLoginWithInValidCredentials" finished-at="2023-10-24T17:19:50 IST" duration-ms="809" status="PASS">
          <reporter-output>
          </reporter-output>
        </test-method> <!-- verifyLoginWithInValidCredentials -->
        <test-method is-config="true" signature="afterLogin()[pri:0, instance:com.opencart.testcases.LoginTest@3ce1e309]" started-at="2023-10-24T17:19:50 IST" name="afterLogin" finished-at="2023-10-24T17:19:51 IST" duration-ms="252" status="PASS">
          <reporter-output>
          </reporter-output>
        </test-method> <!-- afterLogin -->
        <test-method is-config="true" signature="beforeLogin()[pri:0, instance:com.opencart.testcases.LoginTest@3ce1e309]" started-at="2023-10-24T17:19:51 IST" name="beforeLogin" finished-at="2023-10-24T17:19:55 IST" duration-ms="4322" status="PASS">
          <reporter-output>
          </reporter-output>
        </test-method> <!-- beforeLogin -->
        <test-method signature="verifyLoginWithInValidEmail()[pri:3, instance:com.opencart.testcases.LoginTest@3ce1e309]" started-at="2023-10-24T17:19:55 IST" name="verifyLoginWithInValidEmail" finished-at="2023-10-24T17:19:56 IST" duration-ms="690" status="PASS">
          <reporter-output>
          </reporter-output>
        </test-method> <!-- verifyLoginWithInValidEmail -->
        <test-method is-config="true" signature="afterLogin()[pri:0, instance:com.opencart.testcases.LoginTest@3ce1e309]" started-at="2023-10-24T17:19:56 IST" name="afterLogin" finished-at="2023-10-24T17:19:56 IST" duration-ms="246" status="PASS">
          <reporter-output>
          </reporter-output>
        </test-method> <!-- afterLogin -->
        <test-method is-config="true" signature="beforeLogin()[pri:0, instance:com.opencart.testcases.LoginTest@3ce1e309]" started-at="2023-10-24T17:19:56 IST" name="beforeLogin" finished-at="2023-10-24T17:19:59 IST" duration-ms="3572" status="PASS">
          <reporter-output>
          </reporter-output>
        </test-method> <!-- beforeLogin -->
        <test-method signature="verifyLoginWithInValidPassword()[pri:4, instance:com.opencart.testcases.LoginTest@3ce1e309]" started-at="2023-10-24T17:19:59 IST" name="verifyLoginWithInValidPassword" finished-at="2023-10-24T17:20:00 IST" duration-ms="779" status="PASS">
          <reporter-output>
          </reporter-output>
        </test-method> <!-- verifyLoginWithInValidPassword -->
        <test-method is-config="true" signature="afterLogin()[pri:0, instance:com.opencart.testcases.LoginTest@3ce1e309]" started-at="2023-10-24T17:20:00 IST" name="afterLogin" finished-at="2023-10-24T17:20:00 IST" duration-ms="245" status="PASS">
          <reporter-output>
          </reporter-output>
        </test-method> <!-- afterLogin -->
        <test-method is-config="true" signature="beforeLogin()[pri:0, instance:com.opencart.testcases.LoginTest@3ce1e309]" started-at="2023-10-24T17:20:00 IST" name="beforeLogin" finished-at="2023-10-24T17:20:07 IST" duration-ms="6463" status="PASS">
          <reporter-output>
          </reporter-output>
        </test-method> <!-- beforeLogin -->
        <test-method signature="verifyLoginWithoutData()[pri:5, instance:com.opencart.testcases.LoginTest@3ce1e309]" started-at="2023-10-24T17:20:07 IST" name="verifyLoginWithoutData" finished-at="2023-10-24T17:20:07 IST" duration-ms="425" status="PASS">
          <reporter-output>
          </reporter-output>
        </test-method> <!-- verifyLoginWithoutData -->
        <test-method is-config="true" signature="afterLogin()[pri:0, instance:com.opencart.testcases.LoginTest@3ce1e309]" started-at="2023-10-24T17:20:07 IST" name="afterLogin" finished-at="2023-10-24T17:20:08 IST" duration-ms="272" status="PASS">
          <reporter-output>
          </reporter-output>
        </test-method> <!-- afterLogin -->
      </class> <!-- com.opencart.testcases.LoginTest -->
      <class name="com.opencart.testcases.RegisterTest">
        <test-method is-config="true" signature="beforeLogin()[pri:0, instance:com.opencart.testcases.RegisterTest@5158b42f]" started-at="2023-10-24T17:20:08 IST" name="beforeLogin" finished-at="2023-10-24T17:20:11 IST" duration-ms="3732" status="PASS">
          <reporter-output>
          </reporter-output>
        </test-method> <!-- beforeLogin -->
        <test-method signature="verifyRegistrationWithMandatoryFields()[pri:1, instance:com.opencart.testcases.RegisterTest@5158b42f]" started-at="2023-10-24T17:20:11 IST" name="verifyRegistrationWithMandatoryFields" finished-at="2023-10-24T17:20:13 IST" duration-ms="1329" status="PASS">
          <reporter-output>
          </reporter-output>
        </test-method> <!-- verifyRegistrationWithMandatoryFields -->
        <test-method is-config="true" signature="teardown()[pri:0, instance:com.opencart.testcases.RegisterTest@5158b42f]" started-at="2023-10-24T17:20:13 IST" name="teardown" finished-at="2023-10-24T17:20:13 IST" duration-ms="255" status="PASS">
          <reporter-output>
          </reporter-output>
        </test-method> <!-- teardown -->
        <test-method is-config="true" signature="beforeLogin()[pri:0, instance:com.opencart.testcases.RegisterTest@5158b42f]" started-at="2023-10-24T17:20:13 IST" name="beforeLogin" finished-at="2023-10-24T17:20:17 IST" duration-ms="4427" status="PASS">
          <reporter-output>
          </reporter-output>
        </test-method> <!-- beforeLogin -->
        <test-method signature="verifyRegistrationWithAllFields()[pri:2, instance:com.opencart.testcases.RegisterTest@5158b42f]" started-at="2023-10-24T17:20:17 IST" name="verifyRegistrationWithAllFields" finished-at="2023-10-24T17:20:19 IST" duration-ms="1370" status="PASS">
          <reporter-output>
          </reporter-output>
        </test-method> <!-- verifyRegistrationWithAllFields -->
        <test-method is-config="true" signature="teardown()[pri:0, instance:com.opencart.testcases.RegisterTest@5158b42f]" started-at="2023-10-24T17:20:19 IST" name="teardown" finished-at="2023-10-24T17:20:19 IST" duration-ms="253" status="PASS">
          <reporter-output>
          </reporter-output>
        </test-method> <!-- teardown -->
        <test-method is-config="true" signature="beforeLogin()[pri:0, instance:com.opencart.testcases.RegisterTest@5158b42f]" started-at="2023-10-24T17:20:19 IST" name="beforeLogin" finished-at="2023-10-24T17:20:23 IST" duration-ms="4477" status="PASS">
          <reporter-output>
          </reporter-output>
        </test-method> <!-- beforeLogin -->
        <test-method signature="verifyRegistrationWithExistingEmail()[pri:3, instance:com.opencart.testcases.RegisterTest@5158b42f]" started-at="2023-10-24T17:20:23 IST" name="verifyRegistrationWithExistingEmail" finished-at="2023-10-24T17:20:25 IST" duration-ms="1151" status="PASS">
          <reporter-output>
          </reporter-output>
        </test-method> <!-- verifyRegistrationWithExistingEmail -->
        <test-method is-config="true" signature="teardown()[pri:0, instance:com.opencart.testcases.RegisterTest@5158b42f]" started-at="2023-10-24T17:20:25 IST" name="teardown" finished-at="2023-10-24T17:20:25 IST" duration-ms="247" status="PASS">
          <reporter-output>
          </reporter-output>
        </test-method> <!-- teardown -->
        <test-method is-config="true" signature="beforeLogin()[pri:0, instance:com.opencart.testcases.RegisterTest@5158b42f]" started-at="2023-10-24T17:20:25 IST" name="beforeLogin" finished-at="2023-10-24T17:20:29 IST" duration-ms="4523" status="PASS">
          <reporter-output>
          </reporter-output>
        </test-method> <!-- beforeLogin -->
        <test-method signature="verifyRegistrationWithoutFillingAnyDetails()[pri:4, instance:com.opencart.testcases.RegisterTest@5158b42f]" started-at="2023-10-24T17:20:29 IST" name="verifyRegistrationWithoutFillingAnyDetails" finished-at="2023-10-24T17:20:30 IST" duration-ms="591" status="PASS">
          <reporter-output>
          </reporter-output>
        </test-method> <!-- verifyRegistrationWithoutFillingAnyDetails -->
        <test-method is-config="true" signature="teardown()[pri:0, instance:com.opencart.testcases.RegisterTest@5158b42f]" started-at="2023-10-24T17:20:30 IST" name="teardown" finished-at="2023-10-24T17:20:30 IST" duration-ms="309" status="PASS">
          <reporter-output>
          </reporter-output>
        </test-method> <!-- teardown -->
      </class> <!-- com.opencart.testcases.RegisterTest -->
    </test> <!-- Test -->
  </suite> <!-- Suite -->
</testng-results>
