<?xml version="1.0" encoding="UTF-8"?>
<testng-results ignored="0" total="14" passed="14" failed="0" skipped="0">
  <reporter-output>
  </reporter-output>
  <suite started-at="2023-10-24T06:10:08 IST" name="Suite" finished-at="2023-10-24T06:11:57 IST" duration-ms="108925">
    <groups>
    </groups>
    <test started-at="2023-10-24T06:10:08 IST" name="Test" finished-at="2023-10-24T06:11:57 IST" duration-ms="108925">
      <class name="com.opencart.testcases.SearchTest">
        <test-method is-config="true" signature="setup()[pri:0, instance:com.opencart.testcases.SearchTest@2d7275fc]" started-at="2023-10-24T06:11:44 IST" name="setup" finished-at="2023-10-24T06:11:47 IST" duration-ms="3343" status="PASS">
          <reporter-output>
          </reporter-output>
        </test-method> <!-- setup -->
        <test-method signature="verifySearchresultWithValidProduct()[pri:1, instance:com.opencart.testcases.SearchTest@2d7275fc]" started-at="2023-10-24T06:11:47 IST" name="verifySearchresultWithValidProduct" finished-at="2023-10-24T06:11:48 IST" duration-ms="1374" status="PASS">
          <reporter-output>
          </reporter-output>
        </test-method> <!-- verifySearchresultWithValidProduct -->
        <test-method is-config="true" signature="teardown()[pri:0, instance:com.opencart.testcases.SearchTest@2d7275fc]" started-at="2023-10-24T06:11:48 IST" name="teardown" finished-at="2023-10-24T06:11:49 IST" duration-ms="279" status="PASS">
          <reporter-output>
          </reporter-output>
        </test-method> <!-- teardown -->
        <test-method is-config="true" signature="setup()[pri:0, instance:com.opencart.testcases.SearchTest@2d7275fc]" started-at="2023-10-24T06:11:49 IST" name="setup" finished-at="2023-10-24T06:11:52 IST" duration-ms="3072" status="PASS">
          <reporter-output>
          </reporter-output>
        </test-method> <!-- setup -->
        <test-method signature="verifySearchresultWithInValidProduct()[pri:2, instance:com.opencart.testcases.SearchTest@2d7275fc]" started-at="2023-10-24T06:11:52 IST" name="verifySearchresultWithInValidProduct" finished-at="2023-10-24T06:11:53 IST" duration-ms="1245" status="PASS">
          <reporter-output>
          </reporter-output>
        </test-method> <!-- verifySearchresultWithInValidProduct -->
        <test-method is-config="true" signature="teardown()[pri:0, instance:com.opencart.testcases.SearchTest@2d7275fc]" started-at="2023-10-24T06:11:53 IST" name="teardown" finished-at="2023-10-24T06:11:53 IST" duration-ms="264" status="PASS">
          <reporter-output>
          </reporter-output>
        </test-method> <!-- teardown -->
        <test-method is-config="true" signature="setup()[pri:0, instance:com.opencart.testcases.SearchTest@2d7275fc]" started-at="2023-10-24T06:11:53 IST" name="setup" finished-at="2023-10-24T06:11:56 IST" duration-ms="2900" status="PASS">
          <reporter-output>
          </reporter-output>
        </test-method> <!-- setup -->
        <test-method signature="verifySearchresultWithoutData()[pri:3, instance:com.opencart.testcases.SearchTest@2d7275fc]" started-at="2023-10-24T06:11:56 IST" name="verifySearchresultWithoutData" finished-at="2023-10-24T06:11:57 IST" depends-on-methods="com.opencart.testcases.SearchTest.verifySearchresultWithInValidProduct" duration-ms="1074" status="PASS">
          <reporter-output>
          </reporter-output>
        </test-method> <!-- verifySearchresultWithoutData -->
        <test-method is-config="true" signature="teardown()[pri:0, instance:com.opencart.testcases.SearchTest@2d7275fc]" started-at="2023-10-24T06:11:57 IST" name="teardown" finished-at="2023-10-24T06:11:57 IST" duration-ms="255" status="PASS">
          <reporter-output>
          </reporter-output>
        </test-method> <!-- teardown -->
      </class> <!-- com.opencart.testcases.SearchTest -->
      <class name="com.opencart.testcases.LoginTest">
        <test-method is-config="true" signature="beforeLogin()[pri:0, instance:com.opencart.testcases.LoginTest@3ce1e309]" started-at="2023-10-24T06:10:12 IST" name="beforeLogin" finished-at="2023-10-24T06:10:18 IST" duration-ms="6511" status="PASS">
          <reporter-output>
          </reporter-output>
        </test-method> <!-- beforeLogin -->
        <test-method signature="verifyLoginWithValidCredentials(java.lang.String,java.lang.String)[pri:1, instance:com.opencart.testcases.LoginTest@3ce1e309]" started-at="2023-10-24T06:10:18 IST" name="verifyLoginWithValidCredentials" data-provider="logindata" finished-at="2023-10-24T06:10:20 IST" duration-ms="1485" status="PASS">
          <params>
            <param index="0">
              <value>
                <![CDATA[phani21@gmail.com]]>
              </value>
            </param>
            <param index="1">
              <value>
                <![CDATA[admin]]>
              </value>
            </param>
          </params>
          <reporter-output>
          </reporter-output>
        </test-method> <!-- verifyLoginWithValidCredentials -->
        <test-method is-config="true" signature="afterLogin()[pri:0, instance:com.opencart.testcases.LoginTest@3ce1e309]" started-at="2023-10-24T06:10:20 IST" name="afterLogin" finished-at="2023-10-24T06:10:20 IST" duration-ms="452" status="PASS">
          <reporter-output>
          </reporter-output>
        </test-method> <!-- afterLogin -->
        <test-method is-config="true" signature="beforeLogin()[pri:0, instance:com.opencart.testcases.LoginTest@3ce1e309]" started-at="2023-10-24T06:10:20 IST" name="beforeLogin" finished-at="2023-10-24T06:10:26 IST" duration-ms="6023" status="PASS">
          <reporter-output>
          </reporter-output>
        </test-method> <!-- beforeLogin -->
        <test-method signature="verifyLoginWithValidCredentials(java.lang.String,java.lang.String)[pri:1, instance:com.opencart.testcases.LoginTest@3ce1e309]" started-at="2023-10-24T06:10:26 IST" name="verifyLoginWithValidCredentials" data-provider="logindata" finished-at="2023-10-24T06:10:28 IST" duration-ms="1588" status="PASS">
          <params>
            <param index="0">
              <value>
                <![CDATA[phani22@gmail.com]]>
              </value>
            </param>
            <param index="1">
              <value>
                <![CDATA[admin]]>
              </value>
            </param>
          </params>
          <reporter-output>
          </reporter-output>
        </test-method> <!-- verifyLoginWithValidCredentials -->
        <test-method is-config="true" signature="afterLogin()[pri:0, instance:com.opencart.testcases.LoginTest@3ce1e309]" started-at="2023-10-24T06:10:28 IST" name="afterLogin" finished-at="2023-10-24T06:10:28 IST" duration-ms="307" status="PASS">
          <reporter-output>
          </reporter-output>
        </test-method> <!-- afterLogin -->
        <test-method is-config="true" signature="beforeLogin()[pri:0, instance:com.opencart.testcases.LoginTest@3ce1e309]" started-at="2023-10-24T06:10:28 IST" name="beforeLogin" finished-at="2023-10-24T06:10:33 IST" duration-ms="5578" status="PASS">
          <reporter-output>
          </reporter-output>
        </test-method> <!-- beforeLogin -->
        <test-method signature="verifyLoginWithValidCredentials(java.lang.String,java.lang.String)[pri:1, instance:com.opencart.testcases.LoginTest@3ce1e309]" started-at="2023-10-24T06:10:33 IST" name="verifyLoginWithValidCredentials" data-provider="logindata" finished-at="2023-10-24T06:10:35 IST" duration-ms="1488" status="PASS">
          <params>
            <param index="0">
              <value>
                <![CDATA[phani23@gmail.com]]>
              </value>
            </param>
            <param index="1">
              <value>
                <![CDATA[admin]]>
              </value>
            </param>
          </params>
          <reporter-output>
          </reporter-output>
        </test-method> <!-- verifyLoginWithValidCredentials -->
        <test-method is-config="true" signature="afterLogin()[pri:0, instance:com.opencart.testcases.LoginTest@3ce1e309]" started-at="2023-10-24T06:10:35 IST" name="afterLogin" finished-at="2023-10-24T06:10:35 IST" duration-ms="278" status="PASS">
          <reporter-output>
          </reporter-output>
        </test-method> <!-- afterLogin -->
        <test-method is-config="true" signature="beforeLogin()[pri:0, instance:com.opencart.testcases.LoginTest@3ce1e309]" started-at="2023-10-24T06:10:35 IST" name="beforeLogin" finished-at="2023-10-24T06:10:39 IST" duration-ms="3853" status="PASS">
          <reporter-output>
          </reporter-output>
        </test-method> <!-- beforeLogin -->
        <test-method signature="verifyLoginWithInValidCredentials()[pri:2, instance:com.opencart.testcases.LoginTest@3ce1e309]" started-at="2023-10-24T06:10:39 IST" name="verifyLoginWithInValidCredentials" finished-at="2023-10-24T06:10:40 IST" duration-ms="672" status="PASS">
          <reporter-output>
          </reporter-output>
        </test-method> <!-- verifyLoginWithInValidCredentials -->
        <test-method is-config="true" signature="afterLogin()[pri:0, instance:com.opencart.testcases.LoginTest@3ce1e309]" started-at="2023-10-24T06:10:40 IST" name="afterLogin" finished-at="2023-10-24T06:10:40 IST" duration-ms="255" status="PASS">
          <reporter-output>
          </reporter-output>
        </test-method> <!-- afterLogin -->
        <test-method is-config="true" signature="beforeLogin()[pri:0, instance:com.opencart.testcases.LoginTest@3ce1e309]" started-at="2023-10-24T06:10:40 IST" name="beforeLogin" finished-at="2023-10-24T06:11:06 IST" duration-ms="26304" status="PASS">
          <reporter-output>
          </reporter-output>
        </test-method> <!-- beforeLogin -->
        <test-method signature="verifyLoginWithInValidEmail()[pri:3, instance:com.opencart.testcases.LoginTest@3ce1e309]" started-at="2023-10-24T06:11:06 IST" name="verifyLoginWithInValidEmail" finished-at="2023-10-24T06:11:07 IST" duration-ms="679" status="PASS">
          <reporter-output>
          </reporter-output>
        </test-method> <!-- verifyLoginWithInValidEmail -->
        <test-method is-config="true" signature="afterLogin()[pri:0, instance:com.opencart.testcases.LoginTest@3ce1e309]" started-at="2023-10-24T06:11:07 IST" name="afterLogin" finished-at="2023-10-24T06:11:07 IST" duration-ms="291" status="PASS">
          <reporter-output>
          </reporter-output>
        </test-method> <!-- afterLogin -->
        <test-method is-config="true" signature="beforeLogin()[pri:0, instance:com.opencart.testcases.LoginTest@3ce1e309]" started-at="2023-10-24T06:11:07 IST" name="beforeLogin" finished-at="2023-10-24T06:11:11 IST" duration-ms="4121" status="PASS">
          <reporter-output>
          </reporter-output>
        </test-method> <!-- beforeLogin -->
        <test-method signature="verifyLoginWithInValidPassword()[pri:4, instance:com.opencart.testcases.LoginTest@3ce1e309]" started-at="2023-10-24T06:11:11 IST" name="verifyLoginWithInValidPassword" finished-at="2023-10-24T06:11:12 IST" duration-ms="669" status="PASS">
          <reporter-output>
          </reporter-output>
        </test-method> <!-- verifyLoginWithInValidPassword -->
        <test-method is-config="true" signature="afterLogin()[pri:0, instance:com.opencart.testcases.LoginTest@3ce1e309]" started-at="2023-10-24T06:11:12 IST" name="afterLogin" finished-at="2023-10-24T06:11:12 IST" duration-ms="273" status="PASS">
          <reporter-output>
          </reporter-output>
        </test-method> <!-- afterLogin -->
        <test-method is-config="true" signature="beforeLogin()[pri:0, instance:com.opencart.testcases.LoginTest@3ce1e309]" started-at="2023-10-24T06:11:12 IST" name="beforeLogin" finished-at="2023-10-24T06:11:16 IST" duration-ms="3994" status="PASS">
          <reporter-output>
          </reporter-output>
        </test-method> <!-- beforeLogin -->
        <test-method signature="verifyLoginWithoutData()[pri:5, instance:com.opencart.testcases.LoginTest@3ce1e309]" started-at="2023-10-24T06:11:16 IST" name="verifyLoginWithoutData" finished-at="2023-10-24T06:11:17 IST" duration-ms="485" status="PASS">
          <reporter-output>
          </reporter-output>
        </test-method> <!-- verifyLoginWithoutData -->
        <test-method is-config="true" signature="afterLogin()[pri:0, instance:com.opencart.testcases.LoginTest@3ce1e309]" started-at="2023-10-24T06:11:17 IST" name="afterLogin" finished-at="2023-10-24T06:11:17 IST" duration-ms="269" status="PASS">
          <reporter-output>
          </reporter-output>
        </test-method> <!-- afterLogin -->
      </class> <!-- com.opencart.testcases.LoginTest -->
      <class name="com.opencart.testcases.RegisterTest">
        <test-method is-config="true" signature="beforeLogin()[pri:0, instance:com.opencart.testcases.RegisterTest@5158b42f]" started-at="2023-10-24T06:11:17 IST" name="beforeLogin" finished-at="2023-10-24T06:11:21 IST" duration-ms="4135" status="PASS">
          <reporter-output>
          </reporter-output>
        </test-method> <!-- beforeLogin -->
        <test-method signature="verifyRegistrationWithMandatoryFields()[pri:1, instance:com.opencart.testcases.RegisterTest@5158b42f]" started-at="2023-10-24T06:11:21 IST" name="verifyRegistrationWithMandatoryFields" finished-at="2023-10-24T06:11:23 IST" duration-ms="1815" status="PASS">
          <reporter-output>
          </reporter-output>
        </test-method> <!-- verifyRegistrationWithMandatoryFields -->
        <test-method is-config="true" signature="teardown()[pri:0, instance:com.opencart.testcases.RegisterTest@5158b42f]" started-at="2023-10-24T06:11:23 IST" name="teardown" finished-at="2023-10-24T06:11:23 IST" duration-ms="288" status="PASS">
          <reporter-output>
          </reporter-output>
        </test-method> <!-- teardown -->
        <test-method is-config="true" signature="beforeLogin()[pri:0, instance:com.opencart.testcases.RegisterTest@5158b42f]" started-at="2023-10-24T06:11:23 IST" name="beforeLogin" finished-at="2023-10-24T06:11:27 IST" duration-ms="3991" status="PASS">
          <reporter-output>
          </reporter-output>
        </test-method> <!-- beforeLogin -->
        <test-method signature="verifyRegistrationWithAllFields()[pri:2, instance:com.opencart.testcases.RegisterTest@5158b42f]" started-at="2023-10-24T06:11:27 IST" name="verifyRegistrationWithAllFields" finished-at="2023-10-24T06:11:29 IST" duration-ms="1779" status="PASS">
          <reporter-output>
          </reporter-output>
        </test-method> <!-- verifyRegistrationWithAllFields -->
        <test-method is-config="true" signature="teardown()[pri:0, instance:com.opencart.testcases.RegisterTest@5158b42f]" started-at="2023-10-24T06:11:29 IST" name="teardown" finished-at="2023-10-24T06:11:29 IST" duration-ms="284" status="PASS">
          <reporter-output>
          </reporter-output>
        </test-method> <!-- teardown -->
        <test-method is-config="true" signature="beforeLogin()[pri:0, instance:com.opencart.testcases.RegisterTest@5158b42f]" started-at="2023-10-24T06:11:29 IST" name="beforeLogin" finished-at="2023-10-24T06:11:33 IST" duration-ms="4048" status="PASS">
          <reporter-output>
          </reporter-output>
        </test-method> <!-- beforeLogin -->
        <test-method signature="verifyRegistrationWithExistingEmail()[pri:3, instance:com.opencart.testcases.RegisterTest@5158b42f]" started-at="2023-10-24T06:11:33 IST" name="verifyRegistrationWithExistingEmail" finished-at="2023-10-24T06:11:35 IST" duration-ms="1138" status="PASS">
          <reporter-output>
          </reporter-output>
        </test-method> <!-- verifyRegistrationWithExistingEmail -->
        <test-method is-config="true" signature="teardown()[pri:0, instance:com.opencart.testcases.RegisterTest@5158b42f]" started-at="2023-10-24T06:11:35 IST" name="teardown" finished-at="2023-10-24T06:11:35 IST" duration-ms="302" status="PASS">
          <reporter-output>
          </reporter-output>
        </test-method> <!-- teardown -->
        <test-method is-config="true" signature="beforeLogin()[pri:0, instance:com.opencart.testcases.RegisterTest@5158b42f]" started-at="2023-10-24T06:11:35 IST" name="beforeLogin" finished-at="2023-10-24T06:11:42 IST" duration-ms="7550" status="PASS">
          <reporter-output>
          </reporter-output>
        </test-method> <!-- beforeLogin -->
        <test-method signature="verifyRegistrationWithoutFillingAnyDetails()[pri:4, instance:com.opencart.testcases.RegisterTest@5158b42f]" started-at="2023-10-24T06:11:42 IST" name="verifyRegistrationWithoutFillingAnyDetails" finished-at="2023-10-24T06:11:43 IST" duration-ms="747" status="PASS">
          <reporter-output>
          </reporter-output>
        </test-method> <!-- verifyRegistrationWithoutFillingAnyDetails -->
        <test-method is-config="true" signature="teardown()[pri:0, instance:com.opencart.testcases.RegisterTest@5158b42f]" started-at="2023-10-24T06:11:43 IST" name="teardown" finished-at="2023-10-24T06:11:44 IST" duration-ms="290" status="PASS">
          <reporter-output>
          </reporter-output>
        </test-method> <!-- teardown -->
      </class> <!-- com.opencart.testcases.RegisterTest -->
    </test> <!-- Test -->
  </suite> <!-- Suite -->
</testng-results>
