<?xml version="1.0" encoding="UTF-8"?>
<testng-results ignored="0" total="1" passed="1" failed="0" skipped="0">
  <reporter-output>
  </reporter-output>
  <suite started-at="2023-10-24T18:28:30 IST" name="Default suite" finished-at="2023-10-24T18:28:41 IST" duration-ms="10073">
    <groups>
    </groups>
    <test started-at="2023-10-24T18:28:30 IST" name="Default test" finished-at="2023-10-24T18:28:41 IST" duration-ms="10073">
      <class name="com.opencart.testcases.RegisterTest">
        <test-method is-config="true" signature="beforeLogin()[pri:0, instance:com.opencart.testcases.RegisterTest@31304f14]" started-at="2023-10-24T18:28:31 IST" name="beforeLogin" finished-at="2023-10-24T18:28:39 IST" duration-ms="8171" status="PASS">
          <reporter-output>
          </reporter-output>
        </test-method> <!-- beforeLogin -->
        <test-method signature="verifyRegistrationWithMandatoryFields()[pri:1, instance:com.opencart.testcases.RegisterTest@31304f14]" started-at="2023-10-24T18:28:39 IST" name="verifyRegistrationWithMandatoryFields" finished-at="2023-10-24T18:28:40 IST" duration-ms="1530" status="PASS">
          <reporter-output>
          </reporter-output>
        </test-method> <!-- verifyRegistrationWithMandatoryFields -->
        <test-method is-config="true" signature="teardown()[pri:0, instance:com.opencart.testcases.RegisterTest@31304f14]" started-at="2023-10-24T18:28:40 IST" name="teardown" finished-at="2023-10-24T18:28:41 IST" duration-ms="268" status="PASS">
          <reporter-output>
          </reporter-output>
        </test-method> <!-- teardown -->
      </class> <!-- com.opencart.testcases.RegisterTest -->
    </test> <!-- Default test -->
  </suite> <!-- Default suite -->
</testng-results>
